<?xml version="1.0" encoding="UTF-8"?>
<!-- Generated by org.testng.reporters.JUnitXMLReporter -->
<testsuite hostname="admin-PC" ignored="0" name="Command line test" tests="3" failures="1" timestamp="21 Nov 2017 11:59:29 GMT" time="41.485" errors="0">
  <testcase name="AboutMe" time="36.415" classname="Testcases.DisabilityCheckValidationTest"/>
  <testcase name="Disability" time="5.069" classname="Testcases.DisabilityCheckValidationTest">
    <failure type="java.lang.AssertionError" message="null">
      <![CDATA[java.lang.AssertionError: null
	at Testcases.DisabilityCheckValidationTest.Disability(DisabilityCheckValidationTest.java:38)
... Removed 36 stack frames]]>
    </failure>
  </testcase> <!-- Disability -->
  <testcase name="CheckVlaidtionForDisablity" time="0.0" classname="Testcases.DisabilityCheckValidationTest">
    <skipped/>
  </testcase> <!-- CheckVlaidtionForDisablity -->
</testsuite> <!-- Command line test -->
