<?xml version="1.0" encoding="UTF-8"?>
<!-- Generated by org.testng.reporters.JUnitXMLReporter -->
<testsuite hostname="admin-PC" ignored="0" name="Command line test" tests="3" failures="1" timestamp="21 Nov 2017 11:37:59 GMT" time="36.928" errors="0">
  <testcase name="Benifits" time="31.85" classname="Testcases.RetirementCheckValidationTest"/>
  <testcase name="Retirement" time="5.059" classname="Testcases.RetirementCheckValidationTest">
    <failure type="java.lang.AssertionError" message="null">
      <![CDATA[java.lang.AssertionError: null
	at Testcases.RetirementCheckValidationTest.Retirement(RetirementCheckValidationTest.java:41)
... Removed 36 stack frames]]>
    </failure>
  </testcase> <!-- Retirement -->
  <testcase name="CheckValidationforEnrollment" time="0.0" classname="Testcases.RetirementCheckValidationTest">
    <skipped/>
  </testcase> <!-- CheckValidationforEnrollment -->
</testsuite> <!-- Command line test -->
