<?xml version="1.0" encoding="UTF-8" ?>
<testsuite tests="101" failures="40" name="TestSuite" time="135.734" errors="0" skipped="40">
  <properties>
    <property name="java.runtime.name" value="Java(TM) SE Runtime Environment"/>
    <property name="Test" value="EmergencyContactCheckValidationTest"/>
    <property name="sun.boot.library.path" value="C:\Program Files\Java\jdk1.8.0_121\jre\bin"/>
    <property name="java.vm.version" value="25.121-b13"/>
    <property name="java.vm.vendor" value="Oracle Corporation"/>
    <property name="maven.multiModuleProjectDirectory" value="E:\WorkSpace_Demo"/>
    <property name="java.vendor.url" value="http://java.oracle.com/"/>
    <property name="path.separator" value=";"/>
    <property name="guice.disable.misplaced.annotation.check" value="true"/>
    <property name="java.vm.name" value="Java HotSpot(TM) 64-Bit Server VM"/>
    <property name="file.encoding.pkg" value="sun.io"/>
    <property name="user.script" value=""/>
    <property name="user.country" value="IN"/>
    <property name="sun.java.launcher" value="SUN_STANDARD"/>
    <property name="sun.os.patch.level" value="Service Pack 1"/>
    <property name="java.vm.specification.name" value="Java Virtual Machine Specification"/>
    <property name="user.dir" value="E:\WorkSpace_Demo"/>
    <property name="java.runtime.version" value="1.8.0_121-b13"/>
    <property name="java.awt.graphicsenv" value="sun.awt.Win32GraphicsEnvironment"/>
    <property name="java.endorsed.dirs" value="C:\Program Files\Java\jdk1.8.0_121\jre\lib\endorsed"/>
    <property name="os.arch" value="amd64"/>
    <property name="java.io.tmpdir" value="C:\Users\admin\AppData\Local\Temp\"/>
    <property name="line.separator" value="
"/>
    <property name="java.vm.specification.vendor" value="Oracle Corporation"/>
    <property name="user.variant" value=""/>
    <property name="os.name" value="Windows 7"/>
    <property name="classworlds.conf" value="C:\apache-maven-3.5.0\bin\..\bin\m2.conf"/>
    <property name="sun.jnu.encoding" value="Cp1252"/>
    <property name="java.library.path" value="C:\Program Files\Java\jdk1.8.0_121\bin;C:\Windows\Sun\Java\bin;C:\Windows\system32;C:\Windows;C:\ProgramData\Oracle\Java\javapath;C:\Windows\system32;C:\Windows;C:\Windows\System32\Wbem;C:\Windows\System32\WindowsPowerShell\v1.0\;C:\Program Files\Java\jdk1.8.0_121\bin;C:\Program Files\Java\jre1.8.0_121\bin;C:\apache-maven-3.5.0\bin;C:\Program Files\Git\cmd;C:\Program Files (x86)\Android\android-sdk\platform-tools;."/>
    <property name="maven.conf" value="C:\apache-maven-3.5.0\bin\../conf"/>
    <property name="java.specification.name" value="Java Platform API Specification"/>
    <property name="java.class.version" value="52.0"/>
    <property name="sun.management.compiler" value="HotSpot 64-Bit Tiered Compilers"/>
    <property name="os.version" value="6.1"/>
    <property name="library.jansi.path" value="C:\apache-maven-3.5.0\bin\..\lib\jansi-native\windows64"/>
    <property name="user.home" value="C:\Users\admin"/>
    <property name="user.timezone" value="Asia/Calcutta"/>
    <property name="java.awt.printerjob" value="sun.awt.windows.WPrinterJob"/>
    <property name="java.specification.version" value="1.8"/>
    <property name="file.encoding" value="Cp1252"/>
    <property name="user.name" value="admin"/>
    <property name="java.class.path" value="C:\apache-maven-3.5.0\bin\..\boot\plexus-classworlds-2.5.2.jar"/>
    <property name="java.vm.specification.version" value="1.8"/>
    <property name="sun.arch.data.model" value="64"/>
    <property name="java.home" value="C:\Program Files\Java\jdk1.8.0_121\jre"/>
    <property name="sun.java.command" value="org.codehaus.plexus.classworlds.launcher.Launcher -DTest=EmergencyContactCheckValidationTest test"/>
    <property name="java.specification.vendor" value="Oracle Corporation"/>
    <property name="user.language" value="en"/>
    <property name="awt.toolkit" value="sun.awt.windows.WToolkit"/>
    <property name="java.vm.info" value="mixed mode"/>
    <property name="java.version" value="1.8.0_121"/>
    <property name="java.ext.dirs" value="C:\Program Files\Java\jdk1.8.0_121\jre\lib\ext;C:\Windows\Sun\Java\lib\ext"/>
    <property name="sun.boot.class.path" value="C:\Program Files\Java\jdk1.8.0_121\jre\lib\resources.jar;C:\Program Files\Java\jdk1.8.0_121\jre\lib\rt.jar;C:\Program Files\Java\jdk1.8.0_121\jre\lib\sunrsasign.jar;C:\Program Files\Java\jdk1.8.0_121\jre\lib\jsse.jar;C:\Program Files\Java\jdk1.8.0_121\jre\lib\jce.jar;C:\Program Files\Java\jdk1.8.0_121\jre\lib\charsets.jar;C:\Program Files\Java\jdk1.8.0_121\jre\lib\jfr.jar;C:\Program Files\Java\jdk1.8.0_121\jre\classes"/>
    <property name="sun.stderr.encoding" value="cp437"/>
    <property name="java.vendor" value="Oracle Corporation"/>
    <property name="maven.home" value="C:\apache-maven-3.5.0\bin\.."/>
    <property name="file.separator" value="\"/>
    <property name="java.vendor.url.bug" value="http://bugreport.sun.com/bugreport/"/>
    <property name="sun.cpu.endian" value="little"/>
    <property name="sun.io.unicode.encoding" value="UnicodeLittle"/>
    <property name="sun.stdout.encoding" value="cp437"/>
    <property name="sun.desktop" value="windows"/>
    <property name="sun.cpu.isalist" value="amd64"/>
  </properties>
  <testcase classname="Testcases.BenifitsValidDataTest" name="Benifits" time="0.003">
    <failure type="java.lang.NullPointerException">java.lang.NullPointerException
	at Testcases.BenifitsValidDataTest.Benifits(BenifitsValidDataTest.java:22)
</failure>
    <system-out>Configuring TestNG with: org.apache.maven.surefire.testng.conf.TestNG652Configurator@76ccd017
</system-out>
    <system-err>Starting ChromeDriver 2.33.506120 (e3e53437346286c0bc2d2dc9aa4915ba81d9023f) on port 33446
Only local connections are allowed.
Nov 21, 2017 10:44:47 AM org.openqa.selenium.remote.ProtocolHandshake createSession
INFO: Detected dialect: OSS
</system-err>
  </testcase>
  <testcase classname="Testcases.AboutMeCheckValidationTest" name="AboutMe" time="31.772">
    <failure type="java.lang.AssertionError:">java.lang.AssertionError: null
	at org.testng.Assert.fail(Assert.java:93)
	at org.testng.Assert.fail(Assert.java:100)
	at Testcases.AboutMeCheckValidationTest.AboutMe(AboutMeCheckValidationTest.java:30)
</failure>
  </testcase>
  <testcase classname="Testcases.BackgroundCheckValidationTest" name="AboutMe" time="0">
    <failure type="java.lang.NullPointerException">java.lang.NullPointerException
	at Testcases.BackgroundCheckValidationTest.AboutMe(BackgroundCheckValidationTest.java:18)
</failure>
  </testcase>
  <testcase classname="Testcases.DirectDepositCheckValidationTest" name="AboutMe" time="0.002">
    <failure type="java.lang.NullPointerException">java.lang.NullPointerException
	at Testcases.DirectDepositCheckValidationTest.AboutMe(DirectDepositCheckValidationTest.java:18)
</failure>
  </testcase>
  <testcase classname="Testcases.DisabilityCheckValidationTest" name="AboutMe" time="0">
    <failure type="java.lang.NullPointerException">java.lang.NullPointerException
	at Testcases.DisabilityCheckValidationTest.AboutMe(DisabilityCheckValidationTest.java:18)
</failure>
  </testcase>
  <testcase classname="Testcases.EducationCheckValidationTest" name="AboutMe" time="0.002">
    <failure type="java.lang.NullPointerException">java.lang.NullPointerException
	at Testcases.EducationCheckValidationTest.AboutMe(EducationCheckValidationTest.java:20)
</failure>
  </testcase>
  <testcase classname="Testcases.EmergencyContactCheckValidationTest" name="AboutMe" time="0">
    <failure type="java.lang.NullPointerException">java.lang.NullPointerException
	at Testcases.EmergencyContactCheckValidationTest.AboutMe(EmergencyContactCheckValidationTest.java:18)
</failure>
  </testcase>
  <testcase classname="Testcases.LifeInsuranceCheckValidationTest" name="Benifits" time="0">
    <failure type="java.lang.NullPointerException">java.lang.NullPointerException
	at Testcases.LifeInsuranceCheckValidationTest.Benifits(LifeInsuranceCheckValidationTest.java:21)
</failure>
  </testcase>
  <testcase classname="Testcases.PersonalInformationCheckValidationTest" name="AboutMe" time="0">
    <failure type="java.lang.NullPointerException">java.lang.NullPointerException
	at Testcases.PersonalInformationCheckValidationTest.AboutMe(PersonalInformationCheckValidationTest.java:19)
</failure>
  </testcase>
  <testcase classname="Testcases.RetirementCheckValidationTest" name="Benifits" time="0">
    <failure type="java.lang.NullPointerException">java.lang.NullPointerException
	at Testcases.RetirementCheckValidationTest.Benifits(RetirementCheckValidationTest.java:20)
</failure>
  </testcase>
  <testcase classname="Testcases.AboutMeValidDataTest" name="AboutMe" time="0">
    <failure type="java.lang.NullPointerException">java.lang.NullPointerException
	at Testcases.AboutMeValidDataTest.AboutMe(AboutMeValidDataTest.java:20)
</failure>
  </testcase>
  <testcase classname="Testcases.BenifitsValidDataTest" name="Life" time="0.014"/>
  <testcase classname="Testcases.AboutMeCheckValidationTest" name="FedralClick" time="18.095"/>
  <testcase classname="Testcases.BackgroundCheckValidationTest" name="Background" time="0.001">
    <failure type="java.lang.NullPointerException">java.lang.NullPointerException
	at Testcases.BackgroundCheckValidationTest.Background(BackgroundCheckValidationTest.java:27)
</failure>
  </testcase>
  <testcase classname="Testcases.DirectDepositCheckValidationTest" name="DirectDeposit" time="5">
    <failure type="java.lang.NullPointerException">java.lang.NullPointerException
	at Testcases.DirectDepositCheckValidationTest.DirectDeposit(DirectDepositCheckValidationTest.java:31)
</failure>
  </testcase>
  <testcase classname="Testcases.DisabilityCheckValidationTest" name="Disability" time="5.002">
    <failure type="java.lang.NullPointerException">java.lang.NullPointerException
	at Testcases.DisabilityCheckValidationTest.Disability(DisabilityCheckValidationTest.java:30)
</failure>
  </testcase>
  <testcase classname="Testcases.EducationCheckValidationTest" name="Education" time="5.001">
    <failure type="java.lang.NullPointerException">java.lang.NullPointerException
	at Testcases.EducationCheckValidationTest.Education(EducationCheckValidationTest.java:34)
</failure>
  </testcase>
  <testcase classname="Testcases.EmergencyContactCheckValidationTest" name="EmergencyContact" time="7.001">
    <failure type="java.lang.NullPointerException">java.lang.NullPointerException
	at Testcases.EmergencyContactCheckValidationTest.EmergencyContact(EmergencyContactCheckValidationTest.java:32)
</failure>
  </testcase>
  <testcase classname="Testcases.HealthBenefitsCheckValidationTest" name="Health" time="5.002">
    <failure type="java.lang.NullPointerException">java.lang.NullPointerException
	at Testcases.HealthBenefitsCheckValidationTest.Health(HealthBenefitsCheckValidationTest.java:33)
</failure>
  </testcase>
  <testcase classname="Testcases.LifeInsuranceCheckValidationTest" name="Life" time="5.001">
    <failure type="java.lang.NullPointerException">java.lang.NullPointerException
	at Testcases.LifeInsuranceCheckValidationTest.Life(LifeInsuranceCheckValidationTest.java:32)
</failure>
  </testcase>
  <testcase classname="Testcases.PersonalInformationCheckValidationTest" name="FirstnameValidationOnly" time="0.032">
    <failure type="java.lang.NullPointerException">java.lang.NullPointerException
	at Testcases.PersonalInformationCheckValidationTest.FirstnameValidationOnly(PersonalInformationCheckValidationTest.java:39)
</failure>
    <system-err>java.lang.NullPointerException
	at Testcases.PersonalInformationCheckValidationTest.FirstnameValidationOnly(PersonalInformationCheckValidationTest.java:34)
	at sun.reflect.NativeMethodAccessorImpl.invoke0(Native Method)
	at sun.reflect.NativeMethodAccessorImpl.invoke(NativeMethodAccessorImpl.java:62)
	at sun.reflect.DelegatingMethodAccessorImpl.invoke(DelegatingMethodAccessorImpl.java:43)
	at java.lang.reflect.Method.invoke(Method.java:498)
	at org.testng.internal.MethodInvocationHelper.invokeMethod(MethodInvocationHelper.java:108)
	at org.testng.internal.Invoker.invokeMethod(Invoker.java:661)
	at org.testng.internal.Invoker.invokeTestMethod(Invoker.java:869)
	at org.testng.internal.Invoker.invokeTestMethods(Invoker.java:1193)
	at org.testng.internal.TestMethodWorker.invokeTestMethods(TestMethodWorker.java:126)
	at org.testng.internal.TestMethodWorker.run(TestMethodWorker.java:109)
	at org.testng.TestRunner.privateRun(TestRunner.java:744)
	at org.testng.TestRunner.run(TestRunner.java:602)
	at org.testng.SuiteRunner.runTest(SuiteRunner.java:380)
	at org.testng.SuiteRunner.runSequentially(SuiteRunner.java:375)
	at org.testng.SuiteRunner.privateRun(SuiteRunner.java:340)
	at org.testng.SuiteRunner.run(SuiteRunner.java:289)
	at org.testng.SuiteRunnerWorker.runSuite(SuiteRunnerWorker.java:52)
	at org.testng.SuiteRunnerWorker.run(SuiteRunnerWorker.java:86)
	at org.testng.TestNG.runSuitesSequentially(TestNG.java:1301)
	at org.testng.TestNG.runSuitesLocally(TestNG.java:1226)
	at org.testng.TestNG.runSuites(TestNG.java:1144)
	at org.testng.TestNG.run(TestNG.java:1115)
	at org.apache.maven.surefire.testng.TestNGExecutor.run(TestNGExecutor.java:77)
	at org.apache.maven.surefire.testng.TestNGDirectoryTestSuite.executeMulti(TestNGDirectoryTestSuite.java:159)
	at org.apache.maven.surefire.testng.TestNGDirectoryTestSuite.execute(TestNGDirectoryTestSuite.java:99)
	at org.apache.maven.surefire.testng.TestNGProvider.invoke(TestNGProvider.java:106)
	at sun.reflect.NativeMethodAccessorImpl.invoke0(Native Method)
	at sun.reflect.NativeMethodAccessorImpl.invoke(NativeMethodAccessorImpl.java:62)
	at sun.reflect.DelegatingMethodAccessorImpl.invoke(DelegatingMethodAccessorImpl.java:43)
	at java.lang.reflect.Method.invoke(Method.java:498)
	at org.apache.maven.surefire.util.ReflectionUtils.invokeMethodWithArray(ReflectionUtils.java:189)
	at org.apache.maven.surefire.booter.ProviderFactory$ProviderProxy.invoke(ProviderFactory.java:165)
	at org.apache.maven.surefire.booter.ProviderFactory.invokeProvider(ProviderFactory.java:85)
	at org.apache.maven.surefire.booter.ForkedBooter.runSuitesInProcess(ForkedBooter.java:115)
	at org.apache.maven.surefire.booter.ForkedBooter.main(ForkedBooter.java:75)
</system-err>
  </testcase>
  <testcase classname="Testcases.RetirementCheckValidationTest" name="Retirement" time="4.998">
    <failure type="java.lang.NullPointerException">java.lang.NullPointerException
	at Testcases.RetirementCheckValidationTest.Retirement(RetirementCheckValidationTest.java:32)
</failure>
  </testcase>
  <testcase classname="Testcases.AboutMeValidDataTest" name="EmergencyContact" time="0.001">
    <failure type="java.lang.NullPointerException">java.lang.NullPointerException
	at Testcases.AboutMeValidDataTest.EmergencyContact(AboutMeValidDataTest.java:30)
</failure>
  </testcase>
  <testcase classname="Testcases.RetirementCheckValidationTest" name="CheckValidationforEnrollment" time="0.033">
    <skipped/>
  </testcase>
  <testcase classname="Testcases.BenifitsValidDataTest" name="Retirement" time="0.006"/>
  <testcase classname="Testcases.AboutMeCheckValidationTest" name="CheckValidations" time="0.832"/>
  <testcase classname="Testcases.BackgroundCheckValidationTest" name="CheckVlaidtionForOccurance" time="0.833">
    <skipped/>
  </testcase>
  <testcase classname="Testcases.DirectDepositCheckValidationTest" name="CheckValidationAccount" time="0.833">
    <skipped/>
  </testcase>
  <testcase classname="Testcases.DisabilityCheckValidationTest" name="CheckVlaidtionForDisablity" time="0.834">
    <skipped/>
  </testcase>
  <testcase classname="Testcases.EducationCheckValidationTest" name="CheckVlaidtionForEducation" time="0.834">
    <skipped/>
  </testcase>
  <testcase classname="Testcases.EmergencyContactCheckValidationTest" name="CheckValidationStreetAdd" time="0.834">
    <skipped/>
  </testcase>
  <testcase classname="Testcases.HealthBenefitsCheckValidationTest" name="CheckValidationforEnrollment" time="0.834">
    <skipped/>
  </testcase>
  <testcase classname="Testcases.LifeInsuranceCheckValidationTest" name="CheckValidationForBeneficiary" time="0.834">
    <skipped/>
  </testcase>
  <testcase classname="Testcases.PersonalInformationCheckValidationTest" name="LastnameValidationOnly" time="0.016">
    <failure type="java.lang.NullPointerException">java.lang.NullPointerException
	at Testcases.PersonalInformationCheckValidationTest.LastnameValidationOnly(PersonalInformationCheckValidationTest.java:65)
</failure>
    <system-err>java.lang.NullPointerException
	at Testcases.PersonalInformationCheckValidationTest.LastnameValidationOnly(PersonalInformationCheckValidationTest.java:59)
	at sun.reflect.NativeMethodAccessorImpl.invoke0(Native Method)
	at sun.reflect.NativeMethodAccessorImpl.invoke(NativeMethodAccessorImpl.java:62)
	at sun.reflect.DelegatingMethodAccessorImpl.invoke(DelegatingMethodAccessorImpl.java:43)
	at java.lang.reflect.Method.invoke(Method.java:498)
	at org.testng.internal.MethodInvocationHelper.invokeMethod(MethodInvocationHelper.java:108)
	at org.testng.internal.Invoker.invokeMethod(Invoker.java:661)
	at org.testng.internal.Invoker.invokeTestMethod(Invoker.java:869)
	at org.testng.internal.Invoker.invokeTestMethods(Invoker.java:1193)
	at org.testng.internal.TestMethodWorker.invokeTestMethods(TestMethodWorker.java:126)
	at org.testng.internal.TestMethodWorker.run(TestMethodWorker.java:109)
	at org.testng.TestRunner.privateRun(TestRunner.java:744)
	at org.testng.TestRunner.run(TestRunner.java:602)
	at org.testng.SuiteRunner.runTest(SuiteRunner.java:380)
	at org.testng.SuiteRunner.runSequentially(SuiteRunner.java:375)
	at org.testng.SuiteRunner.privateRun(SuiteRunner.java:340)
	at org.testng.SuiteRunner.run(SuiteRunner.java:289)
	at org.testng.SuiteRunnerWorker.runSuite(SuiteRunnerWorker.java:52)
	at org.testng.SuiteRunnerWorker.run(SuiteRunnerWorker.java:86)
	at org.testng.TestNG.runSuitesSequentially(TestNG.java:1301)
	at org.testng.TestNG.runSuitesLocally(TestNG.java:1226)
	at org.testng.TestNG.runSuites(TestNG.java:1144)
	at org.testng.TestNG.run(TestNG.java:1115)
	at org.apache.maven.surefire.testng.TestNGExecutor.run(TestNGExecutor.java:77)
	at org.apache.maven.surefire.testng.TestNGDirectoryTestSuite.executeMulti(TestNGDirectoryTestSuite.java:159)
	at org.apache.maven.surefire.testng.TestNGDirectoryTestSuite.execute(TestNGDirectoryTestSuite.java:99)
	at org.apache.maven.surefire.testng.TestNGProvider.invoke(TestNGProvider.java:106)
	at sun.reflect.NativeMethodAccessorImpl.invoke0(Native Method)
	at sun.reflect.NativeMethodAccessorImpl.invoke(NativeMethodAccessorImpl.java:62)
	at sun.reflect.DelegatingMethodAccessorImpl.invoke(DelegatingMethodAccessorImpl.java:43)
	at java.lang.reflect.Method.invoke(Method.java:498)
	at org.apache.maven.surefire.util.ReflectionUtils.invokeMethodWithArray(ReflectionUtils.java:189)
	at org.apache.maven.surefire.booter.ProviderFactory$ProviderProxy.invoke(ProviderFactory.java:165)
	at org.apache.maven.surefire.booter.ProviderFactory.invokeProvider(ProviderFactory.java:85)
	at org.apache.maven.surefire.booter.ForkedBooter.runSuitesInProcess(ForkedBooter.java:115)
	at org.apache.maven.surefire.booter.ForkedBooter.main(ForkedBooter.java:75)
</system-err>
  </testcase>
  <testcase classname="Testcases.AboutMeValidDataTest" name="Education" time="0">
    <failure type="java.lang.NullPointerException">java.lang.NullPointerException
	at Testcases.AboutMeValidDataTest.Education(AboutMeValidDataTest.java:56)
</failure>
  </testcase>
  <testcase classname="Testcases.BenifitsValidDataTest" name="Thrift" time="0.022"/>
  <testcase classname="Testcases.EmergencyContactCheckValidationTest" name="CheckValidationCountry" time="0.022">
    <skipped/>
  </testcase>
  <testcase classname="Testcases.AboutMeCheckValidationTest" name="CheckValidationStreet" time="0.155"/>
  <testcase classname="Testcases.BackgroundCheckValidationTest" name="CheckVlaidtionForExplanation" time="0.156">
    <skipped/>
  </testcase>
  <testcase classname="Testcases.DirectDepositCheckValidationTest" name="CheckValidationRounting" time="0.157">
    <skipped/>
  </testcase>
  <testcase classname="Testcases.HealthBenefitsCheckValidationTest" name="CheckValidationforPremium" time="0.174">
    <skipped/>
  </testcase>
  <testcase classname="Testcases.LifeInsuranceCheckValidationTest" name="CheckValidationForInsurance" time="0.174">
    <skipped/>
  </testcase>
  <testcase classname="Testcases.PersonalInformationCheckValidationTest" name="MaritalValidationOnly" time="0">
    <failure type="java.lang.NullPointerException">java.lang.NullPointerException
	at Testcases.PersonalInformationCheckValidationTest.MaritalValidationOnly(PersonalInformationCheckValidationTest.java:84)
</failure>
  </testcase>
  <testcase classname="Testcases.PersonalInformationCheckValidationTest" name="StreetaddressValidationOnly" time="0">
    <failure type="java.lang.NullPointerException">java.lang.NullPointerException
	at Testcases.PersonalInformationCheckValidationTest.StreetaddressValidationOnly(PersonalInformationCheckValidationTest.java:106)
</failure>
  </testcase>
  <testcase classname="Testcases.AboutMeValidDataTest" name="Citizenship" time="0">
    <failure type="java.lang.NullPointerException">java.lang.NullPointerException
	at Testcases.AboutMeValidDataTest.Citizenship(AboutMeValidDataTest.java:74)
</failure>
  </testcase>
  <testcase classname="Testcases.BenifitsValidDataTest" name="Unpaid" time="0.02"/>
  <testcase classname="Testcases.EmergencyContactCheckValidationTest" name="CheckValidationZipcode" time="0.02">
    <skipped/>
  </testcase>
  <testcase classname="Testcases.LifeInsuranceCheckValidationTest" name="CheckValidationForSignature" time="0.02">
    <skipped/>
  </testcase>
  <testcase classname="Testcases.AboutMeCheckValidationTest" name="CheckValidationzipcode" time="0.129"/>
  <testcase classname="Testcases.DirectDepositCheckValidationTest" name="AddAllotment" time="0.129">
    <skipped/>
  </testcase>
  <testcase classname="Testcases.PersonalInformationCheckValidationTest" name="CountryValidationcheckOnly" time="0.001">
    <failure type="java.lang.NullPointerException">java.lang.NullPointerException
	at Testcases.PersonalInformationCheckValidationTest.CountryValidationcheckOnly(PersonalInformationCheckValidationTest.java:130)
</failure>
  </testcase>
  <testcase classname="Testcases.BackgroundCheckValidationTest" name="CheckVlaidtionForPlace" time="0.003">
    <skipped/>
  </testcase>
  <testcase classname="Testcases.AboutMeValidDataTest" name="Ethinic" time="0">
    <failure type="java.lang.NullPointerException">java.lang.NullPointerException
	at Testcases.AboutMeValidDataTest.Ethinic(AboutMeValidDataTest.java:92)
</failure>
  </testcase>
  <testcase classname="Testcases.BenifitsValidDataTest" name="Disabled" time="0">
    <failure type="java.lang.NullPointerException">java.lang.NullPointerException
	at Testcases.BenifitsValidDataTest.Disabled(BenifitsValidDataTest.java:125)
</failure>
  </testcase>
  <testcase classname="Testcases.EmergencyContactCheckValidationTest" name="CheckValidationPhonetype" time="0.001">
    <skipped/>
  </testcase>
  <testcase classname="Testcases.PersonalInformationCheckValidationTest" name="CityValidationcheckOnly" time="0.501">
    <failure type="java.lang.NullPointerException">java.lang.NullPointerException
	at Testcases.PersonalInformationCheckValidationTest.CityValidationcheckOnly(PersonalInformationCheckValidationTest.java:159)
</failure>
  </testcase>
  <testcase classname="Testcases.PersonalInformationCheckValidationTest" name="ZipcodeValidationCheckOnly" time="5.002">
    <failure type="java.lang.NullPointerException">java.lang.NullPointerException
	at Testcases.PersonalInformationCheckValidationTest.ZipcodeValidationCheckOnly(PersonalInformationCheckValidationTest.java:187)
</failure>
  </testcase>
  <testcase classname="Testcases.AboutMeCheckValidationTest" name="CheckValidationphone" time="0.189"/>
  <testcase classname="Testcases.DirectDepositCheckValidationTest" name="CheckValidationAmount" time="0.189">
    <skipped/>
  </testcase>
  <testcase classname="Testcases.BackgroundCheckValidationTest" name="CheckVlaidtionForName" time="0.189">
    <skipped/>
  </testcase>
  <testcase classname="Testcases.AboutMeValidDataTest" name="Disability" time="0">
    <failure type="java.lang.NullPointerException">java.lang.NullPointerException
	at Testcases.AboutMeValidDataTest.Disability(AboutMeValidDataTest.java:112)
</failure>
  </testcase>
  <testcase classname="Testcases.BackgroundCheckValidationTest" name="CheckVlaidtionForstreet" time="0.002">
    <skipped/>
  </testcase>
  <testcase classname="Testcases.DirectDepositCheckValidationTest" name="CheckValidationAllotAccount" time="0.002">
    <skipped/>
  </testcase>
  <testcase classname="Testcases.EmergencyContactCheckValidationTest" name="CheckValidationPhonetNumber" time="0.002">
    <skipped/>
  </testcase>
  <testcase classname="Testcases.PersonalInformationCheckValidationTest" name="EmailValidationcheckOnly" time="5">
    <failure type="java.lang.NullPointerException">java.lang.NullPointerException
	at Testcases.PersonalInformationCheckValidationTest.EmailValidationcheckOnly(PersonalInformationCheckValidationTest.java:215)
</failure>
  </testcase>
  <testcase classname="Testcases.AboutMeCheckValidationTest" name="CheckValidationcountrybirth" time="0.2"/>
  <testcase classname="Testcases.BackgroundCheckValidationTest" name="CheckVlaidtionForCountry" time="0.2">
    <skipped/>
  </testcase>
  <testcase classname="Testcases.DirectDepositCheckValidationTest" name="CheckValidationAllotRout" time="0.2">
    <skipped/>
  </testcase>
  <testcase classname="Testcases.EmergencyContactCheckValidationTest" name="CheckValidationFirstname" time="0.2">
    <skipped/>
  </testcase>
  <testcase classname="Testcases.PersonalInformationCheckValidationTest" name="PhoneValidationCheckOnly" time="5.034">
    <failure type="java.lang.NullPointerException">java.lang.NullPointerException
	at Testcases.PersonalInformationCheckValidationTest.PhoneValidationCheckOnly(PersonalInformationCheckValidationTest.java:253)
</failure>
    <system-err>java.lang.NullPointerException
	at Testcases.PersonalInformationCheckValidationTest.PhoneValidationCheckOnly(PersonalInformationCheckValidationTest.java:246)
	at sun.reflect.NativeMethodAccessorImpl.invoke0(Native Method)
	at sun.reflect.NativeMethodAccessorImpl.invoke(NativeMethodAccessorImpl.java:62)
	at sun.reflect.DelegatingMethodAccessorImpl.invoke(DelegatingMethodAccessorImpl.java:43)
	at java.lang.reflect.Method.invoke(Method.java:498)
	at org.testng.internal.MethodInvocationHelper.invokeMethod(MethodInvocationHelper.java:108)
	at org.testng.internal.Invoker.invokeMethod(Invoker.java:661)
	at org.testng.internal.Invoker.invokeTestMethod(Invoker.java:869)
	at org.testng.internal.Invoker.invokeTestMethods(Invoker.java:1193)
	at org.testng.internal.TestMethodWorker.invokeTestMethods(TestMethodWorker.java:126)
	at org.testng.internal.TestMethodWorker.run(TestMethodWorker.java:109)
	at org.testng.TestRunner.privateRun(TestRunner.java:744)
	at org.testng.TestRunner.run(TestRunner.java:602)
	at org.testng.SuiteRunner.runTest(SuiteRunner.java:380)
	at org.testng.SuiteRunner.runSequentially(SuiteRunner.java:375)
	at org.testng.SuiteRunner.privateRun(SuiteRunner.java:340)
	at org.testng.SuiteRunner.run(SuiteRunner.java:289)
	at org.testng.SuiteRunnerWorker.runSuite(SuiteRunnerWorker.java:52)
	at org.testng.SuiteRunnerWorker.run(SuiteRunnerWorker.java:86)
	at org.testng.TestNG.runSuitesSequentially(TestNG.java:1301)
	at org.testng.TestNG.runSuitesLocally(TestNG.java:1226)
	at org.testng.TestNG.runSuites(TestNG.java:1144)
	at org.testng.TestNG.run(TestNG.java:1115)
	at org.apache.maven.surefire.testng.TestNGExecutor.run(TestNGExecutor.java:77)
	at org.apache.maven.surefire.testng.TestNGDirectoryTestSuite.executeMulti(TestNGDirectoryTestSuite.java:159)
	at org.apache.maven.surefire.testng.TestNGDirectoryTestSuite.execute(TestNGDirectoryTestSuite.java:99)
	at org.apache.maven.surefire.testng.TestNGProvider.invoke(TestNGProvider.java:106)
	at sun.reflect.NativeMethodAccessorImpl.invoke0(Native Method)
	at sun.reflect.NativeMethodAccessorImpl.invoke(NativeMethodAccessorImpl.java:62)
	at sun.reflect.DelegatingMethodAccessorImpl.invoke(DelegatingMethodAccessorImpl.java:43)
	at java.lang.reflect.Method.invoke(Method.java:498)
	at org.apache.maven.surefire.util.ReflectionUtils.invokeMethodWithArray(ReflectionUtils.java:189)
	at org.apache.maven.surefire.booter.ProviderFactory$ProviderProxy.invoke(ProviderFactory.java:165)
	at org.apache.maven.surefire.booter.ProviderFactory.invokeProvider(ProviderFactory.java:85)
	at org.apache.maven.surefire.booter.ForkedBooter.runSuitesInProcess(ForkedBooter.java:115)
	at org.apache.maven.surefire.booter.ForkedBooter.main(ForkedBooter.java:75)
</system-err>
  </testcase>
  <testcase classname="Testcases.AboutMeCheckValidationTest" name="CheckValidationEmail" time="0.143"/>
  <testcase classname="Testcases.BackgroundCheckValidationTest" name="CheckVlaidtionForZip" time="0.144">
    <skipped/>
  </testcase>
  <testcase classname="Testcases.DirectDepositCheckValidationTest" name="Oraganization" time="0.144">
    <skipped/>
  </testcase>
  <testcase classname="Testcases.EmergencyContactCheckValidationTest" name="CheckValidationLastname" time="0.144">
    <skipped/>
  </testcase>
  <testcase classname="Testcases.PersonalInformationCheckValidationTest" name="CountrybirthValidationOnly" time="0.001">
    <failure type="java.lang.NullPointerException">java.lang.NullPointerException
	at Testcases.PersonalInformationCheckValidationTest.CountrybirthValidationOnly(PersonalInformationCheckValidationTest.java:269)
</failure>
  </testcase>
  <testcase classname="Testcases.AboutMeCheckValidationTest" name="CheckValidationFirstname" time="0.142"/>
  <testcase classname="Testcases.BackgroundCheckValidationTest" name="Debt" time="0.142">
    <skipped/>
  </testcase>
  <testcase classname="Testcases.DirectDepositCheckValidationTest" name="CheckValidationOrganization" time="0.143">
    <skipped/>
  </testcase>
  <testcase classname="Testcases.EmergencyContactCheckValidationTest" name="CheckValidationRelationship" time="0.143">
    <skipped/>
  </testcase>
  <testcase classname="Testcases.PersonalInformationCheckValidationTest" name="GendervalidationOnly" time="5.009">
    <failure type="java.lang.NullPointerException">java.lang.NullPointerException
	at Testcases.PersonalInformationCheckValidationTest.GendervalidationOnly(PersonalInformationCheckValidationTest.java:297)
</failure>
  </testcase>
  <testcase classname="Testcases.AboutMeCheckValidationTest" name="CheckValidationgender" time="0.176"/>
  <testcase classname="Testcases.BackgroundCheckValidationTest" name="CheckVlaidtionForDebtType" time="0.176">
    <skipped/>
  </testcase>
  <testcase classname="Testcases.DirectDepositCheckValidationTest" name="CheckValidationOrganizationAccount" time="0.176">
    <skipped/>
  </testcase>
  <testcase classname="Testcases.PersonalInformationCheckValidationTest" name="EyecolorValidationOnly" time="0">
    <failure type="java.lang.NullPointerException">java.lang.NullPointerException
	at Testcases.PersonalInformationCheckValidationTest.EyecolorValidationOnly(PersonalInformationCheckValidationTest.java:318)
</failure>
  </testcase>
  <testcase classname="Testcases.AboutMeCheckValidationTest" name="CheckValidationlastname" time="0.136"/>
  <testcase classname="Testcases.BackgroundCheckValidationTest" name="CheckVlaidtionForDebtLength" time="0.136">
    <skipped/>
  </testcase>
  <testcase classname="Testcases.PersonalInformationCheckValidationTest" name="HairValidationcheckOnly" time="5.002">
    <failure type="java.lang.NullPointerException">java.lang.NullPointerException
	at Testcases.PersonalInformationCheckValidationTest.HairValidationcheckOnly(PersonalInformationCheckValidationTest.java:347)
</failure>
  </testcase>
  <testcase classname="Testcases.AboutMeCheckValidationTest" name="CheckValidationmarital" time="0.196"/>
  <testcase classname="Testcases.BackgroundCheckValidationTest" name="CheckVlaidtionForDebtAmount" time="0.196">
    <skipped/>
  </testcase>
  <testcase classname="Testcases.PersonalInformationCheckValidationTest" name="HeightValidationCheckOnly" time="5.001">
    <failure type="java.lang.NullPointerException">java.lang.NullPointerException
	at Testcases.PersonalInformationCheckValidationTest.HeightValidationCheckOnly(PersonalInformationCheckValidationTest.java:372)
</failure>
  </testcase>
  <testcase classname="Testcases.AboutMeCheckValidationTest" name="CheckValidationeyecolor" time="0.196"/>
  <testcase classname="Testcases.BackgroundCheckValidationTest" name="CheckVlaidtionForDebtSteps" time="0.196">
    <skipped/>
  </testcase>
  <testcase classname="Testcases.PersonalInformationCheckValidationTest" name="WeightValidationCheckOnly" time="5.001">
    <failure type="java.lang.NullPointerException">java.lang.NullPointerException
	at Testcases.PersonalInformationCheckValidationTest.WeightValidationCheckOnly(PersonalInformationCheckValidationTest.java:401)
</failure>
  </testcase>
  <testcase classname="Testcases.AboutMeCheckValidationTest" name="CheckValidationhaircolor" time="0.181"/>
  <testcase classname="Testcases.BackgroundCheckValidationTest" name="Hired" time="0.181">
    <skipped/>
  </testcase>
  <testcase classname="Testcases.AboutMeCheckValidationTest" name="CheckValidationheight" time="0.139"/>
  <testcase classname="Testcases.BackgroundCheckValidationTest" name="CheckVlaidtionForRelativeName" time="0.139">
    <skipped/>
  </testcase>
  <testcase classname="Testcases.AboutMeCheckValidationTest" name="CheckValidationweight" time="0.139"/>
  <testcase classname="Testcases.BackgroundCheckValidationTest" name="CheckVlaidtionForRelationship" time="0.139">
    <skipped/>
  </testcase>
  <testcase classname="Testcases.AboutMeCheckValidationTest" name="CheckValidationssn" time="0.154"/>
  <testcase classname="Testcases.AboutMeCheckValidationTest" name="CheckValidationemailformat" time="0.176"/>
</testsuite>