<?xml version="1.0" encoding="UTF-8"?>
<!-- Generated by org.testng.reporters.JUnitXMLReporter -->
<testsuite hostname="admin-PC" ignored="0" name="Command line test" tests="17" failures="1" timestamp="21 Nov 2017 10:06:12 GMT" time="72.718" errors="0">
  <testcase name="AboutMe" time="72.574" classname="Testcases.BackgroundCheckValidationTest"/>
  <testcase name="Background" time="0.116" classname="Testcases.BackgroundCheckValidationTest">
    <failure type="org.openqa.selenium.WebDriverException" message="unknown error: Element &amp;lt;span data-bind=&amp;quot;text: DashboardItemStatusText&amp;quot;&amp;gt;...&amp;lt;/span&amp;gt; is not clickable at point (1206, 637). Other element would receive the click: &amp;lt;div class=&amp;quot;ui-widget-overlay ui-front&amp;quot; style=&amp;quot;z-index: 100;&amp;quot;&amp;gt;&amp;lt;/div&amp;gt;
  (Session info: chrome=62.0.3202.94)
  (Driver info: chromedriver=2.33.506120 (e3e53437346286c0bc2d2dc9aa4915ba81d9023f),platform=Windows NT 6.1.7601 SP1 x86_64) (WARNING: The server did not provide any stacktrace information)
Command duration or timeout: 0 milliseconds
Build info: version: &amp;apos;3.5.3&amp;apos;, revision: &amp;apos;a88d25fe6b&amp;apos;, time: &amp;apos;2017-08-29T12:42:44.417Z&amp;apos;
System info: host: &amp;apos;ADMIN-PC&amp;apos;, ip: &amp;apos;192.168.56.1&amp;apos;, os.name: &amp;apos;Windows 7&amp;apos;, os.arch: &amp;apos;amd64&amp;apos;, os.version: &amp;apos;6.1&amp;apos;, java.version: &amp;apos;1.8.0_121&amp;apos;
Driver info: org.openqa.selenium.chrome.ChromeDriver
Capabilities [{mobileEmulationEnabled=false, hasTouchScreen=false, platform=XP, acceptSslCerts=true, webStorageEnabled=true, browserName=chrome, takesScreenshot=true, javascriptEnabled=true, platformName=XP, setWindowRect=true, unexpectedAlertBehaviour=, applicationCacheEnabled=false, rotatable=false, networkConnectionEnabled=false, chrome={chromedriverVersion=2.33.506120 (e3e53437346286c0bc2d2dc9aa4915ba81d9023f), userDataDir=C:\Users\admin\AppData\Local\Temp\scoped_dir5976_30854}, takesHeapSnapshot=true, pageLoadStrategy=normal, unhandledPromptBehavior=, databaseEnabled=false, handlesAlerts=true, version=62.0.3202.94, browserConnectionEnabled=false, nativeEvents=true, locationContextEnabled=true, cssSelectorsEnabled=true}]
Session ID: 7b047f21afe2037ec585333f7b92b5f5">
      <![CDATA[org.openqa.selenium.WebDriverException: unknown error: Element <span data-bind="text: DashboardItemStatusText">...</span> is not clickable at point (1206, 637). Other element would receive the click: <div class="ui-widget-overlay ui-front" style="z-index: 100;"></div>
  (Session info: chrome=62.0.3202.94)
  (Driver info: chromedriver=2.33.506120 (e3e53437346286c0bc2d2dc9aa4915ba81d9023f),platform=Windows NT 6.1.7601 SP1 x86_64) (WARNING: The server did not provide any stacktrace information)
Command duration or timeout: 0 milliseconds
Build info: version: '3.5.3', revision: 'a88d25fe6b', time: '2017-08-29T12:42:44.417Z'
System info: host: 'ADMIN-PC', ip: '192.168.56.1', os.name: 'Windows 7', os.arch: 'amd64', os.version: '6.1', java.version: '1.8.0_121'
Driver info: org.openqa.selenium.chrome.ChromeDriver
Capabilities [{mobileEmulationEnabled=false, hasTouchScreen=false, platform=XP, acceptSslCerts=true, webStorageEnabled=true, browserName=chrome, takesScreenshot=true, javascriptEnabled=true, platformName=XP, setWindowRect=true, unexpectedAlertBehaviour=, applicationCacheEnabled=false, rotatable=false, networkConnectionEnabled=false, chrome={chromedriverVersion=2.33.506120 (e3e53437346286c0bc2d2dc9aa4915ba81d9023f), userDataDir=C:\Users\admin\AppData\Local\Temp\scoped_dir5976_30854}, takesHeapSnapshot=true, pageLoadStrategy=normal, unhandledPromptBehavior=, databaseEnabled=false, handlesAlerts=true, version=62.0.3202.94, browserConnectionEnabled=false, nativeEvents=true, locationContextEnabled=true, cssSelectorsEnabled=true}]
Session ID: 7b047f21afe2037ec585333f7b92b5f5
	at org.openqa.selenium.remote.ErrorHandler.createThrowable(ErrorHandler.java:215)
	at org.openqa.selenium.remote.ErrorHandler.throwIfResponseFailed(ErrorHandler.java:167)
	at org.openqa.selenium.remote.http.JsonHttpResponseCodec.reconstructValue(JsonHttpResponseCodec.java:40)
	at org.openqa.selenium.remote.http.AbstractHttpResponseCodec.decode(AbstractHttpResponseCodec.java:82)
	at org.openqa.selenium.remote.http.AbstractHttpResponseCodec.decode(AbstractHttpResponseCodec.java:45)
	at org.openqa.selenium.remote.HttpCommandExecutor.execute(HttpCommandExecutor.java:164)
	at org.openqa.selenium.remote.service.DriverCommandExecutor.execute(DriverCommandExecutor.java:82)
	at org.openqa.selenium.remote.RemoteWebDriver.execute(RemoteWebDriver.java:646)
	at org.openqa.selenium.remote.RemoteWebElement.execute(RemoteWebElement.java:275)
	at org.openqa.selenium.remote.RemoteWebElement.click(RemoteWebElement.java:82)
	at org.openqa.selenium.support.pagefactory.internal.LocatingElementHandler.invoke(LocatingElementHandler.java:51)
	at com.sun.proxy.$Proxy6.click(Unknown Source)
	at Pages.BackgroundCheckValidationPage.ClickOnBackground(BackgroundCheckValidationPage.java:147)
	at Testcases.BackgroundCheckValidationTest.Background(BackgroundCheckValidationTest.java:28)
... Removed 42 stack frames]]>
    </failure>
  </testcase> <!-- Background -->
  <testcase name="CheckVlaidtionForOccurance" time="0.0" classname="Testcases.BackgroundCheckValidationTest">
    <skipped/>
  </testcase> <!-- CheckVlaidtionForOccurance -->
  <testcase name="CheckVlaidtionForExplanation" time="0.0" classname="Testcases.BackgroundCheckValidationTest">
    <skipped/>
  </testcase> <!-- CheckVlaidtionForExplanation -->
  <testcase name="CheckVlaidtionForPlace" time="0.0" classname="Testcases.BackgroundCheckValidationTest">
    <skipped/>
  </testcase> <!-- CheckVlaidtionForPlace -->
  <testcase name="CheckVlaidtionForName" time="0.0" classname="Testcases.BackgroundCheckValidationTest">
    <skipped/>
  </testcase> <!-- CheckVlaidtionForName -->
  <testcase name="CheckVlaidtionForstreet" time="0.0" classname="Testcases.BackgroundCheckValidationTest">
    <skipped/>
  </testcase> <!-- CheckVlaidtionForstreet -->
  <testcase name="CheckVlaidtionForCountry" time="0.0" classname="Testcases.BackgroundCheckValidationTest">
    <skipped/>
  </testcase> <!-- CheckVlaidtionForCountry -->
  <testcase name="CheckVlaidtionForZip" time="0.0" classname="Testcases.BackgroundCheckValidationTest">
    <skipped/>
  </testcase> <!-- CheckVlaidtionForZip -->
  <testcase name="Debt" time="0.0" classname="Testcases.BackgroundCheckValidationTest">
    <skipped/>
  </testcase> <!-- Debt -->
  <testcase name="CheckVlaidtionForDebtType" time="0.0" classname="Testcases.BackgroundCheckValidationTest">
    <skipped/>
  </testcase> <!-- CheckVlaidtionForDebtType -->
  <testcase name="CheckVlaidtionForDebtLength" time="0.0" classname="Testcases.BackgroundCheckValidationTest">
    <skipped/>
  </testcase> <!-- CheckVlaidtionForDebtLength -->
  <testcase name="CheckVlaidtionForDebtAmount" time="0.0" classname="Testcases.BackgroundCheckValidationTest">
    <skipped/>
  </testcase> <!-- CheckVlaidtionForDebtAmount -->
  <testcase name="CheckVlaidtionForDebtSteps" time="0.0" classname="Testcases.BackgroundCheckValidationTest">
    <skipped/>
  </testcase> <!-- CheckVlaidtionForDebtSteps -->
  <testcase name="Hired" time="0.0" classname="Testcases.BackgroundCheckValidationTest">
    <skipped/>
  </testcase> <!-- Hired -->
  <testcase name="CheckVlaidtionForRelativeName" time="0.0" classname="Testcases.BackgroundCheckValidationTest">
    <skipped/>
  </testcase> <!-- CheckVlaidtionForRelativeName -->
  <testcase name="CheckVlaidtionForRelationship" time="0.0" classname="Testcases.BackgroundCheckValidationTest">
    <skipped/>
  </testcase> <!-- CheckVlaidtionForRelationship -->
</testsuite> <!-- Command line test -->
