<?xml version="1.0" encoding="UTF-8"?>
<!-- Generated by org.testng.reporters.JUnitReportReporter -->
<testsuite skipped="15" hostname="admin-PC" name="Testcases.BackgroundCheckValidationTest" tests="17" failures="0" timestamp="21 Nov 2017 10:06:12 GMT" time="72.690" errors="1">
  <testcase name="AboutMe" time="72.574" classname="Testcases.BackgroundCheckValidationTest"/>
  <testcase name="Background" time="0.116" classname="Testcases.BackgroundCheckValidationTest">
    <error type="org.openqa.selenium.WebDriverException" message="unknown error: Element &lt;span data-bind=&quot;text: DashboardItemStatusText&quot;&gt;...&lt;/span&gt; is not clickable at point (1206, 637). Other element would receive the click: &lt;div class=&quot;ui-widget-overlay ui-front&quot; style=&quot;z-index: 100;&quot;&gt;&lt;/div&gt;
  (Session info: chrome=62.0.3202.94)
  (Driver info: chromedriver=2.33.506120 (e3e53437346286c0bc2d2dc9aa4915ba81d9023f),platform=Windows NT 6.1.7601 SP1 x86_64) (WARNING: The server did not provide any stacktrace information)
Command duration or timeout: 0 milliseconds
Build info: version: &#039;3.5.3&#039;, revision: &#039;a88d25fe6b&#039;, time: &#039;2017-08-29T12:42:44.417Z&#039;
System info: host: &#039;ADMIN-PC&#039;, ip: &#039;192.168.56.1&#039;, os.name: &#039;Windows 7&#039;, os.arch: &#039;amd64&#039;, os.version: &#039;6.1&#039;, java.version: &#039;1.8.0_121&#039;
Driver info: org.openqa.selenium.chrome.ChromeDriver
Capabilities [{mobileEmulationEnabled=false, hasTouchScreen=false, platform=XP, acceptSslCerts=true, webStorageEnabled=true, browserName=chrome, takesScreenshot=true, javascriptEnabled=true, platformName=XP, setWindowRect=true, unexpectedAlertBehaviour=, applicationCacheEnabled=false, rotatable=false, networkConnectionEnabled=false, chrome={chromedriverVersion=2.33.506120 (e3e53437346286c0bc2d2dc9aa4915ba81d9023f), userDataDir=C:\Users\admin\AppData\Local\Temp\scoped_dir5976_30854}, takesHeapSnapshot=true, pageLoadStrategy=normal, unhandledPromptBehavior=, databaseEnabled=false, handlesAlerts=true, version=62.0.3202.94, browserConnectionEnabled=false, nativeEvents=true, locationContextEnabled=true, cssSelectorsEnabled=true}]
Session ID: 7b047f21afe2037ec585333f7b92b5f5">
      <![CDATA[org.openqa.selenium.WebDriverException: unknown error: Element <span data-bind="text: DashboardItemStatusText">...</span> is not clickable at point (1206, 637). Other element would receive the click: <div class="ui-widget-overlay ui-front" style="z-index: 100;"></div>
  (Session info: chrome=62.0.3202.94)
  (Driver info: chromedriver=2.33.506120 (e3e53437346286c0bc2d2dc9aa4915ba81d9023f),platform=Windows NT 6.1.7601 SP1 x86_64) (WARNING: The server did not provide any stacktrace information)
Command duration or timeout: 0 milliseconds
Build info: version: '3.5.3', revision: 'a88d25fe6b', time: '2017-08-29T12:42:44.417Z'
System info: host: 'ADMIN-PC', ip: '192.168.56.1', os.name: 'Windows 7', os.arch: 'amd64', os.version: '6.1', java.version: '1.8.0_121'
Driver info: org.openqa.selenium.chrome.ChromeDriver
Capabilities [{mobileEmulationEnabled=false, hasTouchScreen=false, platform=XP, acceptSslCerts=true, webStorageEnabled=true, browserName=chrome, takesScreenshot=true, javascriptEnabled=true, platformName=XP, setWindowRect=true, unexpectedAlertBehaviour=, applicationCacheEnabled=false, rotatable=false, networkConnectionEnabled=false, chrome={chromedriverVersion=2.33.506120 (e3e53437346286c0bc2d2dc9aa4915ba81d9023f), userDataDir=C:\Users\admin\AppData\Local\Temp\scoped_dir5976_30854}, takesHeapSnapshot=true, pageLoadStrategy=normal, unhandledPromptBehavior=, databaseEnabled=false, handlesAlerts=true, version=62.0.3202.94, browserConnectionEnabled=false, nativeEvents=true, locationContextEnabled=true, cssSelectorsEnabled=true}]
Session ID: 7b047f21afe2037ec585333f7b92b5f5
	at sun.reflect.NativeConstructorAccessorImpl.newInstance0(Native Method)
	at sun.reflect.NativeConstructorAccessorImpl.newInstance(NativeConstructorAccessorImpl.java:62)
	at sun.reflect.DelegatingConstructorAccessorImpl.newInstance(DelegatingConstructorAccessorImpl.java:45)
	at java.lang.reflect.Constructor.newInstance(Constructor.java:423)
	at org.openqa.selenium.remote.ErrorHandler.createThrowable(ErrorHandler.java:215)
	at org.openqa.selenium.remote.ErrorHandler.throwIfResponseFailed(ErrorHandler.java:167)
	at org.openqa.selenium.remote.http.JsonHttpResponseCodec.reconstructValue(JsonHttpResponseCodec.java:40)
	at org.openqa.selenium.remote.http.AbstractHttpResponseCodec.decode(AbstractHttpResponseCodec.java:82)
	at org.openqa.selenium.remote.http.AbstractHttpResponseCodec.decode(AbstractHttpResponseCodec.java:45)
	at org.openqa.selenium.remote.HttpCommandExecutor.execute(HttpCommandExecutor.java:164)
	at org.openqa.selenium.remote.service.DriverCommandExecutor.execute(DriverCommandExecutor.java:82)
	at org.openqa.selenium.remote.RemoteWebDriver.execute(RemoteWebDriver.java:646)
	at org.openqa.selenium.remote.RemoteWebElement.execute(RemoteWebElement.java:275)
	at org.openqa.selenium.remote.RemoteWebElement.click(RemoteWebElement.java:82)
	at sun.reflect.NativeMethodAccessorImpl.invoke0(Native Method)
	at sun.reflect.NativeMethodAccessorImpl.invoke(NativeMethodAccessorImpl.java:62)
	at sun.reflect.DelegatingMethodAccessorImpl.invoke(DelegatingMethodAccessorImpl.java:43)
	at java.lang.reflect.Method.invoke(Method.java:498)
	at org.openqa.selenium.support.pagefactory.internal.LocatingElementHandler.invoke(LocatingElementHandler.java:51)
	at com.sun.proxy.$Proxy6.click(Unknown Source)
	at Pages.BackgroundCheckValidationPage.ClickOnBackground(BackgroundCheckValidationPage.java:147)
	at Testcases.BackgroundCheckValidationTest.Background(BackgroundCheckValidationTest.java:28)
	at sun.reflect.NativeMethodAccessorImpl.invoke0(Native Method)
	at sun.reflect.NativeMethodAccessorImpl.invoke(NativeMethodAccessorImpl.java:62)
	at sun.reflect.DelegatingMethodAccessorImpl.invoke(DelegatingMethodAccessorImpl.java:43)
	at java.lang.reflect.Method.invoke(Method.java:498)
	at org.testng.internal.MethodInvocationHelper.invokeMethod(MethodInvocationHelper.java:108)
	at org.testng.internal.Invoker.invokeMethod(Invoker.java:661)
	at org.testng.internal.Invoker.invokeTestMethod(Invoker.java:869)
	at org.testng.internal.Invoker.invokeTestMethods(Invoker.java:1193)
	at org.testng.internal.TestMethodWorker.invokeTestMethods(TestMethodWorker.java:126)
	at org.testng.internal.TestMethodWorker.run(TestMethodWorker.java:109)
	at org.testng.TestRunner.privateRun(TestRunner.java:744)
	at org.testng.TestRunner.run(TestRunner.java:602)
	at org.testng.SuiteRunner.runTest(SuiteRunner.java:380)
	at org.testng.SuiteRunner.runSequentially(SuiteRunner.java:375)
	at org.testng.SuiteRunner.privateRun(SuiteRunner.java:340)
	at org.testng.SuiteRunner.run(SuiteRunner.java:289)
	at org.testng.SuiteRunnerWorker.runSuite(SuiteRunnerWorker.java:52)
	at org.testng.SuiteRunnerWorker.run(SuiteRunnerWorker.java:86)
	at org.testng.TestNG.runSuitesSequentially(TestNG.java:1301)
	at org.testng.TestNG.runSuitesLocally(TestNG.java:1226)
	at org.testng.TestNG.runSuites(TestNG.java:1144)
	at org.testng.TestNG.run(TestNG.java:1115)
	at org.apache.maven.surefire.testng.TestNGExecutor.run(TestNGExecutor.java:77)
	at org.apache.maven.surefire.testng.TestNGDirectoryTestSuite.execute(TestNGDirectoryTestSuite.java:110)
	at org.apache.maven.surefire.testng.TestNGProvider.invoke(TestNGProvider.java:106)
	at sun.reflect.NativeMethodAccessorImpl.invoke0(Native Method)
	at sun.reflect.NativeMethodAccessorImpl.invoke(NativeMethodAccessorImpl.java:62)
	at sun.reflect.DelegatingMethodAccessorImpl.invoke(DelegatingMethodAccessorImpl.java:43)
	at java.lang.reflect.Method.invoke(Method.java:498)
	at org.apache.maven.surefire.util.ReflectionUtils.invokeMethodWithArray(ReflectionUtils.java:189)
	at org.apache.maven.surefire.booter.ProviderFactory$ProviderProxy.invoke(ProviderFactory.java:165)
	at org.apache.maven.surefire.booter.ProviderFactory.invokeProvider(ProviderFactory.java:85)
	at org.apache.maven.surefire.booter.ForkedBooter.runSuitesInProcess(ForkedBooter.java:115)
	at org.apache.maven.surefire.booter.ForkedBooter.main(ForkedBooter.java:75)
]]>
    </error>
  </testcase> <!-- Background -->
  <testcase name="CheckVlaidtionForOccurance" time="0.000" classname="Testcases.BackgroundCheckValidationTest">
    <skipped/>
  </testcase> <!-- CheckVlaidtionForOccurance -->
  <testcase name="CheckVlaidtionForExplanation" time="0.000" classname="Testcases.BackgroundCheckValidationTest">
    <skipped/>
  </testcase> <!-- CheckVlaidtionForExplanation -->
  <testcase name="CheckVlaidtionForPlace" time="0.000" classname="Testcases.BackgroundCheckValidationTest">
    <skipped/>
  </testcase> <!-- CheckVlaidtionForPlace -->
  <testcase name="CheckVlaidtionForName" time="0.000" classname="Testcases.BackgroundCheckValidationTest">
    <skipped/>
  </testcase> <!-- CheckVlaidtionForName -->
  <testcase name="CheckVlaidtionForstreet" time="0.000" classname="Testcases.BackgroundCheckValidationTest">
    <skipped/>
  </testcase> <!-- CheckVlaidtionForstreet -->
  <testcase name="CheckVlaidtionForCountry" time="0.000" classname="Testcases.BackgroundCheckValidationTest">
    <skipped/>
  </testcase> <!-- CheckVlaidtionForCountry -->
  <testcase name="CheckVlaidtionForZip" time="0.000" classname="Testcases.BackgroundCheckValidationTest">
    <skipped/>
  </testcase> <!-- CheckVlaidtionForZip -->
  <testcase name="Debt" time="0.000" classname="Testcases.BackgroundCheckValidationTest">
    <skipped/>
  </testcase> <!-- Debt -->
  <testcase name="CheckVlaidtionForDebtType" time="0.000" classname="Testcases.BackgroundCheckValidationTest">
    <skipped/>
  </testcase> <!-- CheckVlaidtionForDebtType -->
  <testcase name="CheckVlaidtionForDebtLength" time="0.000" classname="Testcases.BackgroundCheckValidationTest">
    <skipped/>
  </testcase> <!-- CheckVlaidtionForDebtLength -->
  <testcase name="CheckVlaidtionForDebtAmount" time="0.000" classname="Testcases.BackgroundCheckValidationTest">
    <skipped/>
  </testcase> <!-- CheckVlaidtionForDebtAmount -->
  <testcase name="CheckVlaidtionForDebtSteps" time="0.000" classname="Testcases.BackgroundCheckValidationTest">
    <skipped/>
  </testcase> <!-- CheckVlaidtionForDebtSteps -->
  <testcase name="Hired" time="0.000" classname="Testcases.BackgroundCheckValidationTest">
    <skipped/>
  </testcase> <!-- Hired -->
  <testcase name="CheckVlaidtionForRelativeName" time="0.000" classname="Testcases.BackgroundCheckValidationTest">
    <skipped/>
  </testcase> <!-- CheckVlaidtionForRelativeName -->
  <testcase name="CheckVlaidtionForRelationship" time="0.000" classname="Testcases.BackgroundCheckValidationTest">
    <skipped/>
  </testcase> <!-- CheckVlaidtionForRelationship -->
</testsuite> <!-- Testcases.BackgroundCheckValidationTest -->
